<?xml version="1.0" encoding="UTF-8"?>
<!-- Generated by org.testng.reporters.JUnitReportReporter -->
<testsuite hostname="VARUNC-T460" name="hotwire_automation_Testcases.Search_Test_Cases" tests="1" failures="0" timestamp="13 Jan 2019 09:06:36 GMT" time="32.943" errors="0">
  <testcase name="Searchtest" time="32.943" classname="hotwire_automation_Testcases.Search_Test_Cases"/>
</testsuite> <!-- hotwire_automation_Testcases.Search_Test_Cases -->
